<?xml version="1.0" encoding="UTF-8"?>
<!-- Generated by org.testng.reporters.JUnitReportReporter -->
<testsuite hostname="Windows11" failures="0" tests="6" name="testCases.CheckoutCompleteTest" time="34.280" errors="0" timestamp="2023-11-18T05:37:13 IST" skipped="0">
  <testcase classname="testCases.CheckoutCompleteTest" name="verifyTitleOfCheckoutCompleteTest" time="6.201">
    <system-out>
      <![CDATA[Title of Checkout 3 Checkout: Complete!]]>
    </system-out>
  </testcase> <!-- verifyTitleOfCheckoutCompleteTest -->
  <testcase classname="testCases.CheckoutCompleteTest" name="verifybackHomeTest" time="5.707">
    <system-out>
      <![CDATA[After Clicking on Back Home Button: https://www.saucedemo.com/inventory.html]]>
    </system-out>
  </testcase> <!-- verifybackHomeTest -->
  <testcase classname="testCases.CheckoutCompleteTest" name="verifyURLOfCheckoutCompleteTest" time="5.611">
    <system-out>
      <![CDATA[URL of Chcekout 3 https://www.saucedemo.com/checkout-complete.html]]>
    </system-out>
  </testcase> <!-- verifyURLOfCheckoutCompleteTest -->
  <testcase classname="testCases.CheckoutCompleteTest" name="verifyImageTest" time="5.782">
    <system-out>
      <![CDATA[Final Logo Visibility: true]]>
    </system-out>
  </testcase> <!-- verifyImageTest -->
  <testcase classname="testCases.CheckoutCompleteTest" name="verifyHeaderTest" time="5.219">
    <system-out>
      <![CDATA[Header: Thank you for your order!]]>
    </system-out>
  </testcase> <!-- verifyHeaderTest -->
  <testcase classname="testCases.CheckoutCompleteTest" name="verifyHeaderTextTest" time="5.760">
    <system-out>
      <![CDATA[Header Text: Your order has been dispatched, and will arrive just as fast as the pony can get there!]]>
    </system-out>
  </testcase> <!-- verifyHeaderTextTest -->
  <system-out>
    <![CDATA[URL after Cancel Button https://www.saucedemo.com/cart.html
URL after Clicking Continue Button https://www.saucedemo.com/checkout-step-two.html
Title of Checkout1 Checkout: Your Information
URL of Chcekout 1 https://www.saucedemo.com/checkout-step-one.html
Cancel Button https://www.saucedemo.com/inventory.html
Finish Button https://www.saucedemo.com/checkout-complete.html
Title of Checkout 2 Checkout: Overview
URL of Chcekout 2 https://www.saucedemo.com/checkout-step-two.html
https://www.saucedemo.com/checkout-step-one.html
https://www.saucedemo.com/inventory.html
URL of Cart Your Cart
URL of Cart https://www.saucedemo.com/cart.html
Header: Thank you for your order!
Header Text: Your order has been dispatched, and will arrive just as fast as the pony can get there!
Final Logo Visibility: true
Title of Checkout 3 Checkout: Complete!
URL of Chcekout 3 https://www.saucedemo.com/checkout-complete.html
After Clicking on Back Home Button: https://www.saucedemo.com/inventory.html
Url after Login https://www.saucedemo.com/inventory.html
Verfied TitleSwag Labs
Verfied URLhttps://www.saucedemo.com/
Total Products Added To Cart: 6
Total Products After Removing 2 Products: 4
Add To Cart 1: true
Add To Cart 2: true
Add To Cart 3: true
Add To Cart 5: true
Add To Cart 6: true
Burger Menu Showing: true
Cart Link Showing: true
Total Product Count On Page: 6
Facebook Icon Visibility: true
Linkdin Icon Visibility: true
Twitter Icon Visibility: true
Product 1: Sauce Labs Backpack
Product 2: Sauce Labs Bike Light
Product 3: Sauce Labs Bolt T-Shirt
Product 4: Sauce Labs Fleece Jacket
Product 5: Sauce Labs Onesie
Product 6: Test.allTheThings() T-Shirt (Red)
Product Label: Products
App Logo: Swag Labs
Sort By Tab: true
Url after Login https://www.saucedemo.com/inventory.html
Url after Login https://www.saucedemo.com/inventory.html
Url after Login https://www.saucedemo.com/inventory.html
Url after Login https://www.saucedemo.com/inventory.html
Url after Login https://www.saucedemo.com/inventory.html]]>
  </system-out>
</testsuite> <!-- testCases.CheckoutCompleteTest -->
