<?xml version="1.0" encoding="UTF-8"?>
<!-- Generated by org.testng.reporters.JUnitReportReporter -->
<testsuite hostname="Asuswin11" failures="0" tests="3" name="testCases.LoginPageTest" time="21.171" errors="0" timestamp="2023-12-31T01:42:29 IST" skipped="0">
  <testcase classname="testCases.LoginPageTest" name="loginToApplicationTest" time="2.899">
    <system-out>
      <![CDATA[Url after Login https://www.saucedemo.com/inventory.html]]>
    </system-out>
  </testcase> <!-- loginToApplicationTest -->
  <testcase classname="testCases.LoginPageTest" name="verifyTitleOfApplicationTest" time="1.627">
    <system-out>
      <![CDATA[Verfied TitleSwag Labs]]>
    </system-out>
  </testcase> <!-- verifyTitleOfApplicationTest -->
  <testcase classname="testCases.LoginPageTest" name="verifyURLOfApplicationTest" time="16.645">
    <system-out>
      <![CDATA[Verfied URLhttps://www.saucedemo.com/]]>
    </system-out>
  </testcase> <!-- verifyURLOfApplicationTest -->
  <system-out>
    <![CDATA[Url after Login https://www.saucedemo.com/inventory.html
Verfied TitleSwag Labs
Verfied URLhttps://www.saucedemo.com/]]>
  </system-out>
</testsuite> <!-- testCases.LoginPageTest -->
