<?xml version="1.0" encoding="UTF-8"?>
<!-- Generated by org.testng.reporters.JUnitReportReporter -->
<testsuite hostname="LAPTOP-338OG2UB" failures="1" tests="6" name="testCases.verifyMultipleCredentialsTest" time="72.443" errors="0" timestamp="2023-11-05T15:50:53 IST" skipped="0">
  <testcase classname="testCases.verifyMultipleCredentialsTest" name="loginToApplicationWithMultipleDataTest" time="18.275">
    <system-out>
      <![CDATA[Url after Login https://www.saucedemo.com/inventory.html]]>
    </system-out>
  </testcase> <!-- loginToApplicationWithMultipleDataTest -->
  <testcase classname="testCases.verifyMultipleCredentialsTest" name="loginToApplicationWithMultipleDataTest" time="11.279">
    <system-out>
      <![CDATA[Url after Login https://www.saucedemo.com/inventory.html]]>
    </system-out>
  </testcase> <!-- loginToApplicationWithMultipleDataTest -->
  <testcase classname="testCases.verifyMultipleCredentialsTest" name="loginToApplicationWithMultipleDataTest" time="12.009">
    <failure message="expected:&lt;https://www.saucedemo.com/inventory.html&gt; but was:&lt;https://www.saucedemo.com/&gt;" type="java.lang.AssertionError">
      <![CDATA[java.lang.AssertionError: expected:<https://www.saucedemo.com/inventory.html> but was:<https://www.saucedemo.com/>
at org.testng.AssertJUnit.assertEquals(AssertJUnit.java:115)
at org.testng.AssertJUnit.assertEquals(AssertJUnit.java:125)
at testCases.verifyMultipleCredentialsTest.loginToApplicationWithMultipleDataTest(verifyMultipleCredentialsTest.java:38)
at java.base/jdk.internal.reflect.NativeMethodAccessorImpl.invoke0(Native Method)
at java.base/jdk.internal.reflect.NativeMethodAccessorImpl.invoke(NativeMethodAccessorImpl.java:77)
at java.base/jdk.internal.reflect.DelegatingMethodAccessorImpl.invoke(DelegatingMethodAccessorImpl.java:43)
at java.base/java.lang.reflect.Method.invoke(Method.java:568)
at org.testng.internal.invokers.MethodInvocationHelper.invokeMethod(MethodInvocationHelper.java:139)
at org.testng.internal.invokers.TestInvoker.invokeMethod(TestInvoker.java:664)
at org.testng.internal.invokers.TestInvoker.invokeTestMethod(TestInvoker.java:227)
at org.testng.internal.invokers.MethodRunner.runInSequence(MethodRunner.java:50)
at org.testng.internal.invokers.TestInvoker$MethodInvocationAgent.invoke(TestInvoker.java:957)
at org.testng.internal.invokers.TestInvoker.invokeTestMethods(TestInvoker.java:200)
at org.testng.internal.invokers.TestMethodWorker.invokeTestMethods(TestMethodWorker.java:148)
at org.testng.internal.invokers.TestMethodWorker.run(TestMethodWorker.java:128)
at java.base/java.util.ArrayList.forEach(ArrayList.java:1511)
at org.testng.TestRunner.privateRun(TestRunner.java:848)
at org.testng.TestRunner.run(TestRunner.java:621)
at org.testng.SuiteRunner.runTest(SuiteRunner.java:443)
at org.testng.SuiteRunner.runSequentially(SuiteRunner.java:437)
at org.testng.SuiteRunner.privateRun(SuiteRunner.java:397)
at org.testng.SuiteRunner.run(SuiteRunner.java:336)
at org.testng.SuiteRunnerWorker.runSuite(SuiteRunnerWorker.java:52)
at org.testng.SuiteRunnerWorker.run(SuiteRunnerWorker.java:95)
at org.testng.TestNG.runSuitesSequentially(TestNG.java:1280)
at org.testng.TestNG.runSuitesLocally(TestNG.java:1200)
at org.testng.TestNG.runSuites(TestNG.java:1114)
at org.testng.TestNG.run(TestNG.java:1082)
at org.testng.remote.AbstractRemoteTestNG.run(AbstractRemoteTestNG.java:115)
at org.testng.remote.RemoteTestNG.initAndRun(RemoteTestNG.java:251)
at org.testng.remote.RemoteTestNG.main(RemoteTestNG.java:77)
]]>
    </failure>
  </testcase> <!-- loginToApplicationWithMultipleDataTest -->
  <testcase classname="testCases.verifyMultipleCredentialsTest" name="loginToApplicationWithMultipleDataTest" time="8.220">
    <system-out>
      <![CDATA[Url after Login https://www.saucedemo.com/inventory.html]]>
    </system-out>
  </testcase> <!-- loginToApplicationWithMultipleDataTest -->
  <testcase classname="testCases.verifyMultipleCredentialsTest" name="loginToApplicationWithMultipleDataTest" time="11.279">
    <system-out>
      <![CDATA[Url after Login https://www.saucedemo.com/inventory.html]]>
    </system-out>
  </testcase> <!-- loginToApplicationWithMultipleDataTest -->
  <testcase classname="testCases.verifyMultipleCredentialsTest" name="loginToApplicationWithMultipleDataTest" time="11.381">
    <system-out>
      <![CDATA[Url after Login https://www.saucedemo.com/inventory.html]]>
    </system-out>
  </testcase> <!-- loginToApplicationWithMultipleDataTest -->
  <system-out>
    <![CDATA[URL after Cancel Button https://www.saucedemo.com/cart.html
URL after Clicking Continue Button https://www.saucedemo.com/checkout-step-two.html
Title of Checkout1 Checkout: Your Information
URL of Chcekout 1 https://www.saucedemo.com/checkout-step-one.html
Cancel Button https://www.saucedemo.com/inventory.html
Finish Button https://www.saucedemo.com/checkout-complete.html
Title of Checkout 2 Checkout: Overview
URL of Chcekout 2 https://www.saucedemo.com/checkout-step-two.html
https://www.saucedemo.com/checkout-step-one.html
https://www.saucedemo.com/inventory.html
URL of Cart Your Cart
URL of Cart https://www.saucedemo.com/cart.html
Header: Thank you for your order!
Header Text: Your order has been dispatched, and will arrive just as fast as the pony can get there!
Final Logo Visibility: true
Title of Checkout 3 Checkout: Complete!
URL of Chcekout 3 https://www.saucedemo.com/checkout-complete.html
After Clicking on Back Home Button: https://www.saucedemo.com/inventory.html
Url after Login https://www.saucedemo.com/inventory.html
Verfied TitleSwag Labs
Verfied URLhttps://www.saucedemo.com/
Total Products Added To Cart: 6
Total Products After Removing 2 Products: 4
Add To Cart 1: true
Add To Cart 2: true
Add To Cart 3: true
Add To Cart 5: true
Add To Cart 6: true
Burger Menu Showing: true
Cart Link Showing: true
Total Product Count On Page: 6
Facebook Icon Visibility: true
Linkdin Icon Visibility: true
Twitter Icon Visibility: true
Product 1: Sauce Labs Backpack
Product 2: Sauce Labs Bike Light
Product 3: Sauce Labs Bolt T-Shirt
Product 4: Sauce Labs Fleece Jacket
Product 5: Sauce Labs Onesie
Product 6: Test.allTheThings() T-Shirt (Red)
Product Label: Products
App Logo: Swag Labs
Sort By Tab: true
Url after Login https://www.saucedemo.com/inventory.html
Url after Login https://www.saucedemo.com/inventory.html
Url after Login https://www.saucedemo.com/inventory.html
Url after Login https://www.saucedemo.com/inventory.html
Url after Login https://www.saucedemo.com/inventory.html]]>
  </system-out>
</testsuite> <!-- testCases.verifyMultipleCredentialsTest -->
