<?xml version="1.0" encoding="UTF-8"?>
<!-- Generated by org.testng.reporters.JUnitReportReporter -->
<testsuite hostname="Windows11" failures="0" tests="22" name="testCases.Inventory_Page_Test" time="47.381" errors="0" timestamp="2023-11-26T20:58:53 IST" skipped="0">
  <testcase classname="testCases.Inventory_Page_Test" name="verifyCartLinkTest" time="2.090">
    <system-out>
      <![CDATA[Cart Link Showing: true]]>
    </system-out>
  </testcase> <!-- verifyCartLinkTest -->
  <testcase classname="testCases.Inventory_Page_Test" name="verifyIconLinkdnTest" time="1.982">
    <system-out>
      <![CDATA[Linkdin Icon Visibility: true]]>
    </system-out>
  </testcase> <!-- verifyIconLinkdnTest -->
  <testcase classname="testCases.Inventory_Page_Test" name="verifyCountProductsTest" time="2.052">
    <system-out>
      <![CDATA[Total Product Count On Page: 6]]>
    </system-out>
  </testcase> <!-- verifyCountProductsTest -->
  <testcase classname="testCases.Inventory_Page_Test" name="verifyAddToCart3Test" time="2.256">
    <system-out>
      <![CDATA[Add To Cart 3: true]]>
    </system-out>
  </testcase> <!-- verifyAddToCart3Test -->
  <testcase classname="testCases.Inventory_Page_Test" name="verifyProduct2Test" time="2.105">
    <system-out>
      <![CDATA[Product 2: Sauce Labs Bike Light]]>
    </system-out>
  </testcase> <!-- verifyProduct2Test -->
  <testcase classname="testCases.Inventory_Page_Test" name="add6ProductsTest" time="2.451">
    <system-out>
      <![CDATA[Total Products Added To Cart: 6]]>
    </system-out>
  </testcase> <!-- add6ProductsTest -->
  <testcase classname="testCases.Inventory_Page_Test" name="verifyProduct4Test" time="2.124">
    <system-out>
      <![CDATA[Product 4: Sauce Labs Fleece Jacket]]>
    </system-out>
  </testcase> <!-- verifyProduct4Test -->
  <testcase classname="testCases.Inventory_Page_Test" name="verifyAddToCart1Test" time="2.119">
    <system-out>
      <![CDATA[Add To Cart 1: true]]>
    </system-out>
  </testcase> <!-- verifyAddToCart1Test -->
  <testcase classname="testCases.Inventory_Page_Test" name="verifyAddToCart6Test" time="2.181">
    <system-out>
      <![CDATA[Add To Cart 6: true]]>
    </system-out>
  </testcase> <!-- verifyAddToCart6Test -->
  <testcase classname="testCases.Inventory_Page_Test" name="verifyProduct6Test" time="2.090">
    <system-out>
      <![CDATA[Product 6: Test.allTheThings() T-Shirt (Red)]]>
    </system-out>
  </testcase> <!-- verifyProduct6Test -->
  <testcase classname="testCases.Inventory_Page_Test" name="verifyAddToCart5Test" time="2.072">
    <system-out>
      <![CDATA[Add To Cart 5: true]]>
    </system-out>
  </testcase> <!-- verifyAddToCart5Test -->
  <testcase classname="testCases.Inventory_Page_Test" name="verifysortTabTest" time="2.235">
    <system-out>
      <![CDATA[Sort By Tab: true]]>
    </system-out>
  </testcase> <!-- verifysortTabTest -->
  <testcase classname="testCases.Inventory_Page_Test" name="verifyProduct3Test" time="2.111">
    <system-out>
      <![CDATA[Product 3: Sauce Labs Bolt T-Shirt]]>
    </system-out>
  </testcase> <!-- verifyProduct3Test -->
  <testcase classname="testCases.Inventory_Page_Test" name="verifyAddToCart2Test" time="2.164">
    <system-out>
      <![CDATA[Add To Cart 2: true]]>
    </system-out>
  </testcase> <!-- verifyAddToCart2Test -->
  <testcase classname="testCases.Inventory_Page_Test" name="verifyappLogoTest" time="2.151">
    <system-out>
      <![CDATA[App Logo: Swag Labs]]>
    </system-out>
  </testcase> <!-- verifyappLogoTest -->
  <testcase classname="testCases.Inventory_Page_Test" name="verifyIconFaceTest" time="2.090">
    <system-out>
      <![CDATA[Facebook Icon Visibility: true]]>
    </system-out>
  </testcase> <!-- verifyIconFaceTest -->
  <testcase classname="testCases.Inventory_Page_Test" name="remove2ProductTest" time="2.536">
    <system-out>
      <![CDATA[Total Products After Removing 2 Products: 4]]>
    </system-out>
  </testcase> <!-- remove2ProductTest -->
  <testcase classname="testCases.Inventory_Page_Test" name="verifyProduct1Test" time="2.003">
    <system-out>
      <![CDATA[Product 1: Sauce Labs Backpack]]>
    </system-out>
  </testcase> <!-- verifyProduct1Test -->
  <testcase classname="testCases.Inventory_Page_Test" name="verifyBurgerTest" time="2.139">
    <system-out>
      <![CDATA[Burger Menu Showing: true]]>
    </system-out>
  </testcase> <!-- verifyBurgerTest -->
  <testcase classname="testCases.Inventory_Page_Test" name="verifyProduct5Test" time="2.088">
    <system-out>
      <![CDATA[Product 5: Sauce Labs Onesie]]>
    </system-out>
  </testcase> <!-- verifyProduct5Test -->
  <testcase classname="testCases.Inventory_Page_Test" name="verifyProductsLabelTest" time="2.159">
    <system-out>
      <![CDATA[Product Label: Products]]>
    </system-out>
  </testcase> <!-- verifyProductsLabelTest -->
  <testcase classname="testCases.Inventory_Page_Test" name="verifyIconTwitTest" time="2.183">
    <system-out>
      <![CDATA[Twitter Icon Visibility: true]]>
    </system-out>
  </testcase> <!-- verifyIconTwitTest -->
  <system-out>
    <![CDATA[URL after Cancel Button https://www.saucedemo.com/cart.html
URL after Clicking Continue Button https://www.saucedemo.com/checkout-step-two.html
Title of Checkout1 Checkout: Your Information
URL of Chcekout 1 https://www.saucedemo.com/checkout-step-one.html
Cancel Button https://www.saucedemo.com/inventory.html
Finish Button https://www.saucedemo.com/checkout-complete.html
Title of Checkout 2 Checkout: Overview
URL of Chcekout 2 https://www.saucedemo.com/checkout-step-two.html
https://www.saucedemo.com/checkout-step-one.html
https://www.saucedemo.com/inventory.html
URL of Cart Your Cart
URL of Cart https://www.saucedemo.com/cart.html
Header: Thank you for your order!
Header Text: Your order has been dispatched, and will arrive just as fast as the pony can get there!
Final Logo Visibility: true
Title of Checkout 3 Checkout: Complete!
URL of Chcekout 3 https://www.saucedemo.com/checkout-complete.html
After Clicking on Back Home Button: https://www.saucedemo.com/inventory.html
Url after Login https://www.saucedemo.com/inventory.html
Verfied TitleSwag Labs
Verfied URLhttps://www.saucedemo.com/
Total Products Added To Cart: 6
Total Products After Removing 2 Products: 4
Add To Cart 1: true
Add To Cart 2: true
Add To Cart 3: true
Add To Cart 5: true
Add To Cart 6: true
Burger Menu Showing: true
Cart Link Showing: true
Total Product Count On Page: 6
Facebook Icon Visibility: true
Linkdin Icon Visibility: true
Twitter Icon Visibility: true
Product 1: Sauce Labs Backpack
Product 2: Sauce Labs Bike Light
Product 3: Sauce Labs Bolt T-Shirt
Product 4: Sauce Labs Fleece Jacket
Product 5: Sauce Labs Onesie
Product 6: Test.allTheThings() T-Shirt (Red)
Product Label: Products
App Logo: Swag Labs
Sort By Tab: true
Url after Login https://www.saucedemo.com/inventory.html
Url after Login https://www.saucedemo.com/inventory.html
Url after Login https://www.saucedemo.com/inventory.html
Url after Login https://www.saucedemo.com/inventory.html
Url after Login https://www.saucedemo.com/inventory.html]]>
  </system-out>
</testsuite> <!-- testCases.Inventory_Page_Test -->
